Warning: Equate pins:  cell sky130_fd_pr__pfet_01v8_lvt has no definition, treated as a black box.
Warning: Equate pins:  cell sky130_fd_pr__pfet_01v8_lvt has no definition, treated as a black box.

Subcircuit pins:
Circuit 1: sky130_fd_pr__pfet_01v8_lvt     |Circuit 2: sky130_fd_pr__pfet_01v8_lvt     
-------------------------------------------|-------------------------------------------
1                                          |1                                          
2                                          |2                                          
3                                          |3                                          
4                                          |4                                          
---------------------------------------------------------------------------------------
Cell pin lists are equivalent.
Device classes sky130_fd_pr__pfet_01v8_lvt and sky130_fd_pr__pfet_01v8_lvt are equivalent.
Warning: Equate pins:  cell sky130_fd_pr__nfet_01v8_lvt has no definition, treated as a black box.
Warning: Equate pins:  cell sky130_fd_pr__nfet_01v8_lvt has no definition, treated as a black box.

Subcircuit pins:
Circuit 1: sky130_fd_pr__nfet_01v8_lvt     |Circuit 2: sky130_fd_pr__nfet_01v8_lvt     
-------------------------------------------|-------------------------------------------
1                                          |1                                          
2                                          |2                                          
3                                          |3                                          
4                                          |4                                          
---------------------------------------------------------------------------------------
Cell pin lists are equivalent.
Device classes sky130_fd_pr__nfet_01v8_lvt and sky130_fd_pr__nfet_01v8_lvt are equivalent.

Cell sky130_fd_pr__res_generic_po disconnected node: end_a
Cell sky130_fd_pr__res_generic_po disconnected node: end_b
Warning: Equate pins:  cell sky130_fd_pr__res_generic_po has no definition, treated as a black box.

Subcircuit pins:
Circuit 1: sky130_fd_pr__res_generic_po    |Circuit 2: sky130_fd_pr__res_generic_po    
-------------------------------------------|-------------------------------------------
(no matching pin)                          |1                                          
(no matching pin)                          |2                                          
end_a                                      |(no matching pin)                          
end_b                                      |(no matching pin)                          
---------------------------------------------------------------------------------------
Cell pin lists are equivalent.
Device classes sky130_fd_pr__res_generic_po and sky130_fd_pr__res_generic_po are equivalent.

Subcircuit summary:
Circuit 1: esd                             |Circuit 2: esd                             
-------------------------------------------|-------------------------------------------
sky130_fd_pr__pfet_01v8_lvt (2)            |sky130_fd_pr__pfet_01v8_lvt (2)            
sky130_fd_pr__nfet_01v8_lvt (2)            |sky130_fd_pr__nfet_01v8_lvt (2)            
sky130_fd_pr__res_generic_po (1)           |sky130_fd_pr__res_generic_po (1)           
Number of devices: 5                       |Number of devices: 5                       
Number of nets: 6                          |Number of nets: 6                          
---------------------------------------------------------------------------------------
NET mismatches: Class fragments follow (with fanout counts):
Circuit 1: esd                             |Circuit 2: esd                             

---------------------------------------------------------------------------------------
Net: dummy_6                               |Net: dummy_6                               
  sky130_fd_pr__res_generic_po/proxy2 = 1  |  sky130_fd_pr__res_generic_po/proxyend_b  
                                           |                                           
Net: dummy_5                               |Net: dummy_5                               
  sky130_fd_pr__res_generic_po/proxy1 = 1  |  sky130_fd_pr__res_generic_po/proxyend_a  
---------------------------------------------------------------------------------------

---------------------------------------------------------------------------------------
Net: GND                                   |Net: GND                                   
  sky130_fd_pr__nfet_01v8_lvt/2 = 2        |  sky130_fd_pr__nfet_01v8_lvt/2 = 2        
  sky130_fd_pr__nfet_01v8_lvt/(1|3) = 2    |  sky130_fd_pr__nfet_01v8_lvt/(1|3) = 2    
  sky130_fd_pr__nfet_01v8_lvt/4 = 2        |  sky130_fd_pr__nfet_01v8_lvt/4 = 2        
---------------------------------------------------------------------------------------

---------------------------------------------------------------------------------------
Net: VDD                                   |Net: VDD                                   
  sky130_fd_pr__pfet_01v8_lvt/2 = 2        |  sky130_fd_pr__pfet_01v8_lvt/2 = 2        
  sky130_fd_pr__pfet_01v8_lvt/(1|3) = 2    |  sky130_fd_pr__pfet_01v8_lvt/(1|3) = 2    
  sky130_fd_pr__pfet_01v8_lvt/4 = 2        |  sky130_fd_pr__pfet_01v8_lvt/4 = 2        
---------------------------------------------------------------------------------------

---------------------------------------------------------------------------------------
(no matching net)                          |Net: out                                   
                                           |  sky130_fd_pr__nfet_01v8_lvt/(1|3) = 1    
                                           |  sky130_fd_pr__pfet_01v8_lvt/(1|3) = 1    
                                           |  sky130_fd_pr__res_generic_po/1 = 1       
                                           |                                           
(no matching net)                          |Net: in                                    
                                           |  sky130_fd_pr__nfet_01v8_lvt/(1|3) = 1    
                                           |  sky130_fd_pr__pfet_01v8_lvt/(1|3) = 1    
                                           |  sky130_fd_pr__res_generic_po/2 = 1       
---------------------------------------------------------------------------------------
DEVICE mismatches: Class fragments follow (with node fanout counts):
Circuit 1: esd                             |Circuit 2: esd                             

---------------------------------------------------------------------------------------
Instance: sky130_fd_pr__res_generic_po0    |Instance: sky130_fd_pr__res_generic_poR1   
  (end_a,end_b) = (3,3)                    |  proxyend_a = 1                           
  proxy1 = 1                               |  proxyend_b = 1                           
  proxy2 = 1                               |  1 = 3                                    
                                           |  2 = 3                                    
---------------------------------------------------------------------------------------
Netlists do not match.
Netlists do not match.
